# JRE version: Java(TM) SE Runtime Environment (8.0_321-b07) (build 1.8.0_321-b07)
# Java VM: Java HotSpot(TM) 64-Bit Server VM (25.321-b07 mixed mode windows-amd64 compressed oops)
Heap:
 PSYoungGen      total 212992K, used 5128K [0x0000000740380000, 0x000000075a380000, 0x00000007c0000000)
  eden space 196608K, 2% used [0x0000000740380000,0x00000007408821b0,0x000000074c380000)
  from space 16384K, 0% used [0x000000074c380000,0x000000074c380000,0x000000074d380000)
  to   space 16384K, 0% used [0x0000000759380000,0x0000000759380000,0x000000075a380000)
 ParOldGen       total 169984K, used 18817K [0x0000000640a00000, 0x000000064b000000, 0x0000000740380000)
  object space 169984K, 11% used [0x0000000640a00000,0x0000000641c60570,0x000000064b000000)
 Metaspace       used 21593K, capacity 21892K, committed 22016K, reserved 1069056K
  class space    used 2706K, capacity 2802K, committed 2816K, reserved 1048576K
GC Heap History (8 events):
Event: 0.981 GC heap before
{Heap before GC invocations=1 (full 0):
 PSYoungGen      total 114688K, used 98304K [0x0000000740380000, 0x0000000748380000, 0x00000007c0000000)
  eden space 98304K, 100% used [0x0000000740380000,0x0000000746380000,0x0000000746380000)
  from space 16384K, 0% used [0x0000000747380000,0x0000000747380000,0x0000000748380000)
  to   space 16384K, 0% used [0x0000000746380000,0x0000000746380000,0x0000000747380000)
 ParOldGen       total 262144K, used 0K [0x0000000640a00000, 0x0000000650a00000, 0x0000000740380000)
  object space 262144K, 0% used [0x0000000640a00000,0x0000000640a00000,0x0000000650a00000)
 Metaspace       used 11915K, capacity 12020K, committed 12288K, reserved 1060864K
  class space    used 1498K, capacity 1526K, committed 1536K, reserved 1048576K
Event: 0.993 GC heap after
Heap after GC invocations=1 (full 0):
 PSYoungGen      total 114688K, used 16373K [0x0000000740380000, 0x000000074e380000, 0x00000007c0000000)
  eden space 98304K, 0% used [0x0000000740380000,0x0000000740380000,0x0000000746380000)
  from space 16384K, 99% used [0x0000000746380000,0x000000074737d700,0x0000000747380000)
  to   space 16384K, 0% used [0x000000074d380000,0x000000074d380000,0x000000074e380000)
 ParOldGen       total 262144K, used 3167K [0x0000000640a00000, 0x0000000650a00000, 0x0000000740380000)
  object space 262144K, 1% used [0x0000000640a00000,0x0000000640d17c80,0x0000000650a00000)
 Metaspace       used 11915K, capacity 12020K, committed 12288K, reserved 1060864K
  class space    used 1498K, capacity 1526K, committed 1536K, reserved 1048576K
}
Event: 2.243 GC heap before
{Heap before GC invocations=2 (full 0):
 PSYoungGen      total 114688K, used 114677K [0x0000000740380000, 0x000000074e380000, 0x00000007c0000000)
  eden space 98304K, 100% used [0x0000000740380000,0x0000000746380000,0x0000000746380000)
  from space 16384K, 99% used [0x0000000746380000,0x000000074737d700,0x0000000747380000)
  to   space 16384K, 0% used [0x000000074d380000,0x000000074d380000,0x000000074e380000)
 ParOldGen       total 262144K, used 3167K [0x0000000640a00000, 0x0000000650a00000, 0x0000000740380000)
  object space 262144K, 1% used [0x0000000640a00000,0x0000000640d17c80,0x0000000650a00000)
 Metaspace       used 20417K, capacity 20716K, committed 20864K, reserved 1067008K
  class space    used 2586K, capacity 2670K, committed 2688K, reserved 1048576K
Event: 2.265 GC heap after
Heap after GC invocations=2 (full 0):
 PSYoungGen      total 212992K, used 16372K [0x0000000740380000, 0x000000074e380000, 0x00000007c0000000)
  eden space 196608K, 0% used [0x0000000740380000,0x0000000740380000,0x000000074c380000)
  from space 16384K, 99% used [0x000000074d380000,0x000000074e37d1e8,0x000000074e380000)
  to   space 16384K, 0% used [0x000000074c380000,0x000000074c380000,0x000000074d380000)
 ParOldGen       total 262144K, used 11139K [0x0000000640a00000, 0x0000000650a00000, 0x0000000740380000)
  object space 262144K, 4% used [0x0000000640a00000,0x00000006414e0f38,0x0000000650a00000)
 Metaspace       used 20417K, capacity 20716K, committed 20864K, reserved 1067008K
  class space    used 2586K, capacity 2670K, committed 2688K, reserved 1048576K
}
Event: 2.447 GC heap before
{Heap before GC invocations=3 (full 0):
 PSYoungGen      total 212992K, used 56234K [0x0000000740380000, 0x000000074e380000, 0x00000007c0000000)
  eden space 196608K, 20% used [0x0000000740380000,0x0000000742a6d800,0x000000074c380000)
  from space 16384K, 99% used [0x000000074d380000,0x000000074e37d1e8,0x000000074e380000)
  to   space 16384K, 0% used [0x000000074c380000,0x000000074c380000,0x000000074d380000)
 ParOldGen       total 262144K, used 11139K [0x0000000640a00000, 0x0000000650a00000, 0x0000000740380000)
  object space 262144K, 4% used [0x0000000640a00000,0x00000006414e0f38,0x0000000650a00000)
 Metaspace       used 20828K, capacity 21092K, committed 21248K, reserved 1067008K
  class space    used 2620K, capacity 2706K, committed 2816K, reserved 1048576K
Event: 2.459 GC heap after
Heap after GC invocations=3 (full 0):
 PSYoungGen      total 212992K, used 16365K [0x0000000740380000, 0x000000075a380000, 0x00000007c0000000)
  eden space 196608K, 0% used [0x0000000740380000,0x0000000740380000,0x000000074c380000)
  from space 16384K, 99% used [0x000000074c380000,0x000000074d37b6f8,0x000000074d380000)
  to   space 16384K, 0% used [0x0000000759380000,0x0000000759380000,0x000000075a380000)
 ParOldGen       total 262144K, used 11524K [0x0000000640a00000, 0x0000000650a00000, 0x0000000740380000)
  object space 262144K, 4% used [0x0000000640a00000,0x00000006415412d8,0x0000000650a00000)
 Metaspace       used 20828K, capacity 21092K, committed 21248K, reserved 1067008K
  class space    used 2620K, capacity 2706K, committed 2816K, reserved 1048576K
}
Event: 2.459 GC heap before
{Heap before GC invocations=4 (full 1):
 PSYoungGen      total 212992K, used 16365K [0x0000000740380000, 0x000000075a380000, 0x00000007c0000000)
  eden space 196608K, 0% used [0x0000000740380000,0x0000000740380000,0x000000074c380000)
  from space 16384K, 99% used [0x000000074c380000,0x000000074d37b6f8,0x000000074d380000)
  to   space 16384K, 0% used [0x0000000759380000,0x0000000759380000,0x000000075a380000)
 ParOldGen       total 262144K, used 11524K [0x0000000640a00000, 0x0000000650a00000, 0x0000000740380000)
  object space 262144K, 4% used [0x0000000640a00000,0x00000006415412d8,0x0000000650a00000)
 Metaspace       used 20828K, capacity 21092K, committed 21248K, reserved 1067008K
  class space    used 2620K, capacity 2706K, committed 2816K, reserved 1048576K
Event: 2.512 GC heap after
Heap after GC invocations=4 (full 1):
 PSYoungGen      total 212992K, used 0K [0x0000000740380000, 0x000000075a380000, 0x00000007c0000000)
  eden space 196608K, 0% used [0x0000000740380000,0x0000000740380000,0x000000074c380000)
  from space 16384K, 0% used [0x000000074c380000,0x000000074c380000,0x000000074d380000)
  to   space 16384K, 0% used [0x0000000759380000,0x0000000759380000,0x000000075a380000)
 ParOldGen       total 169984K, used 18817K [0x0000000640a00000, 0x000000064b000000, 0x0000000740380000)
  object space 169984K, 11% used [0x0000000640a00000,0x0000000641c60570,0x000000064b000000)
 Metaspace       used 20828K, capacity 21092K, committed 21248K, reserved 1067008K
  class space    used 2620K, capacity 2706K, committed 2816K, reserved 1048576K
}

