# JRE version: OpenJDK Runtime Environment Temurin-17.0.2+8 (17.0.2+8) (build 17.0.2+8)
# Java VM: OpenJDK 64-Bit Server VM Temurin-17.0.2+8 (17.0.2+8, mixed mode, sharing, tiered, compressed oops, compressed class ptrs, g1 gc, windows-amd64)
GC Precious Log:
 CPUs: 4 total, 4 available
 Memory: 24534M
 Large Page Support: Disabled
 NUMA Support: Disabled
 Compressed Oops: Enabled (Zero based)
 Heap Region Size: 4M
 Heap Min Capacity: 8M
 Heap Initial Capacity: 384M
 Heap Max Capacity: 6136M
 Pre-touch: Disabled
 Parallel Workers: 4
 Concurrent Workers: 1
 Concurrent Refinement Workers: 4
 Periodic GC: Disabled
Heap:
 garbage-first heap   total 393216K, used 70236K [0x0000000680800000, 0x0000000800000000)
  region size 4096K, 16 young (65536K), 2 survivors (8192K)
 Metaspace       used 17973K, committed 18112K, reserved 1073152K
  class space    used 2228K, committed 2304K, reserved 1048576K
GC Heap History (8 events):
Event: 0.243 GC heap before
{Heap before GC invocations=0 (full 0):
 garbage-first heap   total 393216K, used 16384K [0x0000000680800000, 0x0000000800000000)
  region size 4096K, 4 young (16384K), 0 survivors (0K)
 Metaspace       used 2330K, committed 2496K, reserved 1056768K
  class space    used 211K, committed 320K, reserved 1048576K
}
Event: 0.246 GC heap after
{Heap after GC invocations=1 (full 0):
 garbage-first heap   total 393216K, used 5249K [0x0000000680800000, 0x0000000800000000)
  region size 4096K, 1 young (4096K), 1 survivors (4096K)
 Metaspace       used 2330K, committed 2496K, reserved 1056768K
  class space    used 211K, committed 320K, reserved 1048576K
}
Event: 0.381 GC heap before
{Heap before GC invocations=1 (full 0):
 garbage-first heap   total 393216K, used 17537K [0x0000000680800000, 0x0000000800000000)
  region size 4096K, 4 young (16384K), 1 survivors (4096K)
 Metaspace       used 3622K, committed 3776K, reserved 1056768K
  class space    used 365K, committed 448K, reserved 1048576K
}
Event: 0.384 GC heap after
{Heap after GC invocations=2 (full 0):
 garbage-first heap   total 393216K, used 8662K [0x0000000680800000, 0x0000000800000000)
  region size 4096K, 1 young (4096K), 1 survivors (4096K)
 Metaspace       used 3622K, committed 3776K, reserved 1056768K
  class space    used 365K, committed 448K, reserved 1048576K
}
Event: 0.619 GC heap before
{Heap before GC invocations=2 (full 0):
 garbage-first heap   total 393216K, used 29142K [0x0000000680800000, 0x0000000800000000)
  region size 4096K, 6 young (24576K), 1 survivors (4096K)
 Metaspace       used 5920K, committed 6016K, reserved 1056768K
  class space    used 703K, committed 768K, reserved 1048576K
}
Event: 0.624 GC heap after
{Heap after GC invocations=3 (full 0):
 garbage-first heap   total 393216K, used 14244K [0x0000000680800000, 0x0000000800000000)
  region size 4096K, 1 young (4096K), 1 survivors (4096K)
 Metaspace       used 5920K, committed 6016K, reserved 1056768K
  class space    used 703K, committed 768K, reserved 1048576K
}
Event: 1.118 GC heap before
{Heap before GC invocations=3 (full 0):
 garbage-first heap   total 393216K, used 51108K [0x0000000680800000, 0x0000000800000000)
  region size 4096K, 11 young (45056K), 1 survivors (4096K)
 Metaspace       used 12131K, committed 12288K, reserved 1064960K
  class space    used 1529K, committed 1600K, reserved 1048576K
}
Event: 1.123 GC heap after
{Heap after GC invocations=4 (full 0):
 garbage-first heap   total 393216K, used 16988K [0x0000000680800000, 0x0000000800000000)
  region size 4096K, 2 young (8192K), 2 survivors (8192K)
 Metaspace       used 12131K, committed 12288K, reserved 1064960K
  class space    used 1529K, committed 1600K, reserved 1048576K
}

